<?xml version="1.0" encoding="UTF-8"?>
<!-- Generated by org.testng.reporters.JUnitReportReporter -->
<testsuite skipped="0" hostname="Rasulov" name="GoogleWeather.Get_Request" tests="7" failures="0" timestamp="05 Mar 2018 01:42:31 GMT" time="3.017" errors="0">
  <testcase name="test4" time="0.091" classname="GoogleWeather.Get_Request"/>
  <testcase name="test7" time="0.065" classname="GoogleWeather.Get_Request"/>
  <testcase name="test6" time="0.155" classname="GoogleWeather.Get_Request"/>
  <testcase name="test5" time="0.689" classname="GoogleWeather.Get_Request"/>
  <testcase name="test2" time="0.110" classname="GoogleWeather.Get_Request"/>
  <testcase name="test3" time="0.164" classname="GoogleWeather.Get_Request"/>
  <testcase name="test1" time="1.743" classname="GoogleWeather.Get_Request"/>
</testsuite> <!-- GoogleWeather.Get_Request -->
